<?xml version="1.0" encoding="UTF-8"?>
<!-- Generated by org.testng.reporters.JUnitXMLReporter -->
<testsuite hostname="DESKTOP-2VK50OM" ignored="0" name="Command line test" tests="2" failures="0" timestamp="2023-05-06T23:55:24 BST" time="3.383" errors="0">
  <testcase name="userSholdLoginSuccessfullyWithValidCredentials" time="0.182" classname="saucedemo.com.testsuite.LoginTest"/>
  <testcase name="verifyThatSixProductsAreDisplayedOnPage" time="0.146" classname="saucedemo.com.testsuite.LoginTest"/>
</testsuite> <!-- Command line test -->
